Analysis & Synthesis report for snake
Mon Jan 06 03:30:35 2020
Quartus II 64-Bit Version 13.1.0 Build 162 10/23/2013 SJ Web Edition


---------------------
; Table of Contents ;
---------------------
  1. Legal Notice
  2. Analysis & Synthesis Summary
  3. Analysis & Synthesis Settings
  4. Parallel Compilation
  5. Analysis & Synthesis Source Files Read
  6. Analysis & Synthesis Resource Usage Summary
  7. Analysis & Synthesis Resource Utilization by Entity
  8. State Machine - |snake|moveway
  9. Registers Removed During Synthesis
 10. Removed Registers Triggering Further Register Optimizations
 11. General Register Statistics
 12. Inverted Register Statistics
 13. Multiplexer Restructuring Statistics (Restructuring Performed)
 14. Elapsed Time Per Partition
 15. Analysis & Synthesis Messages



----------------
; Legal Notice ;
----------------
Copyright (C) 1991-2013 Altera Corporation
Your use of Altera Corporation's design tools, logic functions 
and other software and tools, and its AMPP partner logic 
functions, and any output files from any of the foregoing 
(including device programming or simulation files), and any 
associated documentation or information are expressly subject 
to the terms and conditions of the Altera Program License 
Subscription Agreement, Altera MegaCore Function License 
Agreement, or other applicable license agreement, including, 
without limitation, that your use is for the sole purpose of 
programming logic devices manufactured by Altera and sold by 
Altera or its authorized distributors.  Please refer to the 
applicable agreement for further details.



+---------------------------------------------------------------------------------+
; Analysis & Synthesis Summary                                                    ;
+------------------------------------+--------------------------------------------+
; Analysis & Synthesis Status        ; Successful - Mon Jan 06 03:30:35 2020      ;
; Quartus II 64-Bit Version          ; 13.1.0 Build 162 10/23/2013 SJ Web Edition ;
; Revision Name                      ; snake                                      ;
; Top-level Entity Name              ; snake                                      ;
; Family                             ; Cyclone III                                ;
; Total logic elements               ; 10,028                                     ;
;     Total combinational functions  ; 6,091                                      ;
;     Dedicated logic registers      ; 4,302                                      ;
; Total registers                    ; 4302                                       ;
; Total pins                         ; 34                                         ;
; Total virtual pins                 ; 0                                          ;
; Total memory bits                  ; 0                                          ;
; Embedded Multiplier 9-bit elements ; 0                                          ;
; Total PLLs                         ; 0                                          ;
+------------------------------------+--------------------------------------------+


+----------------------------------------------------------------------------------------------------------------------+
; Analysis & Synthesis Settings                                                                                        ;
+----------------------------------------------------------------------------+--------------------+--------------------+
; Option                                                                     ; Setting            ; Default Value      ;
+----------------------------------------------------------------------------+--------------------+--------------------+
; Device                                                                     ; EP3C10E144C8       ;                    ;
; Top-level entity name                                                      ; snake              ; snake              ;
; Family name                                                                ; Cyclone III        ; Cyclone IV GX      ;
; Verilog Show LMF Mapping Messages                                          ; Off                ;                    ;
; Verilog Version                                                            ; SystemVerilog_2005 ; Verilog_2001       ;
; Use smart compilation                                                      ; Off                ; Off                ;
; Enable parallel Assembler and TimeQuest Timing Analyzer during compilation ; On                 ; On                 ;
; Enable compact report table                                                ; Off                ; Off                ;
; Restructure Multiplexers                                                   ; Auto               ; Auto               ;
; Create Debugging Nodes for IP Cores                                        ; Off                ; Off                ;
; Preserve fewer node names                                                  ; On                 ; On                 ;
; Disable OpenCore Plus hardware evaluation                                  ; Off                ; Off                ;
; VHDL Version                                                               ; VHDL_1993          ; VHDL_1993          ;
; State Machine Processing                                                   ; Auto               ; Auto               ;
; Safe State Machine                                                         ; Off                ; Off                ;
; Extract Verilog State Machines                                             ; On                 ; On                 ;
; Extract VHDL State Machines                                                ; On                 ; On                 ;
; Ignore Verilog initial constructs                                          ; Off                ; Off                ;
; Iteration limit for constant Verilog loops                                 ; 5000               ; 5000               ;
; Iteration limit for non-constant Verilog loops                             ; 250                ; 250                ;
; Add Pass-Through Logic to Inferred RAMs                                    ; On                 ; On                 ;
; Infer RAMs from Raw Logic                                                  ; On                 ; On                 ;
; Parallel Synthesis                                                         ; On                 ; On                 ;
; DSP Block Balancing                                                        ; Auto               ; Auto               ;
; NOT Gate Push-Back                                                         ; On                 ; On                 ;
; Power-Up Don't Care                                                        ; On                 ; On                 ;
; Remove Redundant Logic Cells                                               ; Off                ; Off                ;
; Remove Duplicate Registers                                                 ; On                 ; On                 ;
; Ignore CARRY Buffers                                                       ; Off                ; Off                ;
; Ignore CASCADE Buffers                                                     ; Off                ; Off                ;
; Ignore GLOBAL Buffers                                                      ; Off                ; Off                ;
; Ignore ROW GLOBAL Buffers                                                  ; Off                ; Off                ;
; Ignore LCELL Buffers                                                       ; Off                ; Off                ;
; Ignore SOFT Buffers                                                        ; On                 ; On                 ;
; Limit AHDL Integers to 32 Bits                                             ; Off                ; Off                ;
; Optimization Technique                                                     ; Balanced           ; Balanced           ;
; Carry Chain Length                                                         ; 70                 ; 70                 ;
; Auto Carry Chains                                                          ; On                 ; On                 ;
; Auto Open-Drain Pins                                                       ; On                 ; On                 ;
; Perform WYSIWYG Primitive Resynthesis                                      ; Off                ; Off                ;
; Auto ROM Replacement                                                       ; On                 ; On                 ;
; Auto RAM Replacement                                                       ; On                 ; On                 ;
; Auto DSP Block Replacement                                                 ; On                 ; On                 ;
; Auto Shift Register Replacement                                            ; Auto               ; Auto               ;
; Allow Shift Register Merging across Hierarchies                            ; Auto               ; Auto               ;
; Auto Clock Enable Replacement                                              ; On                 ; On                 ;
; Strict RAM Replacement                                                     ; Off                ; Off                ;
; Allow Synchronous Control Signals                                          ; On                 ; On                 ;
; Force Use of Synchronous Clear Signals                                     ; Off                ; Off                ;
; Auto RAM Block Balancing                                                   ; On                 ; On                 ;
; Auto RAM to Logic Cell Conversion                                          ; Off                ; Off                ;
; Auto Resource Sharing                                                      ; Off                ; Off                ;
; Allow Any RAM Size For Recognition                                         ; Off                ; Off                ;
; Allow Any ROM Size For Recognition                                         ; Off                ; Off                ;
; Allow Any Shift Register Size For Recognition                              ; Off                ; Off                ;
; Use LogicLock Constraints during Resource Balancing                        ; On                 ; On                 ;
; Ignore translate_off and synthesis_off directives                          ; Off                ; Off                ;
; Timing-Driven Synthesis                                                    ; On                 ; On                 ;
; Report Parameter Settings                                                  ; On                 ; On                 ;
; Report Source Assignments                                                  ; On                 ; On                 ;
; Report Connectivity Checks                                                 ; On                 ; On                 ;
; Ignore Maximum Fan-Out Assignments                                         ; Off                ; Off                ;
; Synchronization Register Chain Length                                      ; 2                  ; 2                  ;
; PowerPlay Power Optimization                                               ; Normal compilation ; Normal compilation ;
; HDL message level                                                          ; Level2             ; Level2             ;
; Suppress Register Optimization Related Messages                            ; Off                ; Off                ;
; Number of Removed Registers Reported in Synthesis Report                   ; 5000               ; 5000               ;
; Number of Swept Nodes Reported in Synthesis Report                         ; 5000               ; 5000               ;
; Number of Inverted Registers Reported in Synthesis Report                  ; 100                ; 100                ;
; Clock MUX Protection                                                       ; On                 ; On                 ;
; Auto Gated Clock Conversion                                                ; Off                ; Off                ;
; Block Design Naming                                                        ; Auto               ; Auto               ;
; SDC constraint protection                                                  ; Off                ; Off                ;
; Synthesis Effort                                                           ; Auto               ; Auto               ;
; Shift Register Replacement - Allow Asynchronous Clear Signal               ; On                 ; On                 ;
; Pre-Mapping Resynthesis Optimization                                       ; Off                ; Off                ;
; Analysis & Synthesis Message Level                                         ; Medium             ; Medium             ;
; Disable Register Merging Across Hierarchies                                ; Auto               ; Auto               ;
; Resource Aware Inference For Block RAM                                     ; On                 ; On                 ;
; Synthesis Seed                                                             ; 1                  ; 1                  ;
+----------------------------------------------------------------------------+--------------------+--------------------+


Parallel compilation was disabled, but you have multiple processors available. Enable parallel compilation to reduce compilation time.
+-------------------------------------+
; Parallel Compilation                ;
+----------------------------+--------+
; Processors                 ; Number ;
+----------------------------+--------+
; Number detected on machine ; 12     ;
; Maximum allowed            ; 1      ;
+----------------------------+--------+


+---------------------------------------------------------------------------------------------------------------------------+
; Analysis & Synthesis Source Files Read                                                                                    ;
+----------------------------------+-----------------+------------------------+-----------------------------------+---------+
; File Name with User-Entered Path ; Used in Netlist ; File Type              ; File Name with Absolute Path      ; Library ;
+----------------------------------+-----------------+------------------------+-----------------------------------+---------+
; snake.v                          ; yes             ; User Verilog HDL File  ; D:/FPGA-final/repos/snake/snake.v ;         ;
+----------------------------------+-----------------+------------------------+-----------------------------------+---------+


+--------------------------------------------------------------------+
; Analysis & Synthesis Resource Usage Summary                        ;
+---------------------------------------------+----------------------+
; Resource                                    ; Usage                ;
+---------------------------------------------+----------------------+
; Estimated Total logic elements              ; 10,028               ;
;                                             ;                      ;
; Total combinational functions               ; 6091                 ;
; Logic element usage by number of LUT inputs ;                      ;
;     -- 4 input functions                    ; 5705                 ;
;     -- 3 input functions                    ; 138                  ;
;     -- <=2 input functions                  ; 248                  ;
;                                             ;                      ;
; Logic elements by mode                      ;                      ;
;     -- normal mode                          ; 5908                 ;
;     -- arithmetic mode                      ; 183                  ;
;                                             ;                      ;
; Total registers                             ; 4302                 ;
;     -- Dedicated logic registers            ; 4302                 ;
;     -- I/O registers                        ; 0                    ;
;                                             ;                      ;
; I/O pins                                    ; 34                   ;
; Embedded Multiplier 9-bit elements          ; 0                    ;
; Maximum fan-out node                        ; divfreq_mv:F1|clk_mv ;
; Maximum fan-out                             ; 4226                 ;
; Total fan-out                               ; 36684                ;
; Average fan-out                             ; 3.51                 ;
+---------------------------------------------+----------------------+


+------------------------------------------------------------------------------------------------------------------------------------------------------------------------------+
; Analysis & Synthesis Resource Utilization by Entity                                                                                                                          ;
+----------------------------+-------------------+--------------+-------------+--------------+---------+-----------+------+--------------+----------------------+--------------+
; Compilation Hierarchy Node ; LC Combinationals ; LC Registers ; Memory Bits ; DSP Elements ; DSP 9x9 ; DSP 18x18 ; Pins ; Virtual Pins ; Full Hierarchy Name  ; Library Name ;
+----------------------------+-------------------+--------------+-------------+--------------+---------+-----------+------+--------------+----------------------+--------------+
; |snake                     ; 6091 (6005)       ; 4302 (4239)  ; 0           ; 0            ; 0       ; 0         ; 34   ; 0            ; |snake               ; work         ;
;    |divfreq:F0|            ; 35 (35)           ; 26 (26)      ; 0           ; 0            ; 0       ; 0         ; 0    ; 0            ; |snake|divfreq:F0    ; work         ;
;    |divfreq_mv:F1|         ; 51 (51)           ; 37 (37)      ; 0           ; 0            ; 0       ; 0         ; 0    ; 0            ; |snake|divfreq_mv:F1 ; work         ;
+----------------------------+-------------------+--------------+-------------+--------------+---------+-----------+------+--------------+----------------------+--------------+
Note: For table entries with two numbers listed, the numbers in parentheses indicate the number of resources of the given type used by the specific entity alone. The numbers listed outside of parentheses indicate the total resources of the given type used by the specific entity and all of its sub-entities in the hierarchy.


Encoding Type:  One-Hot
+----------------------------------------------------------------+
; State Machine - |snake|moveway                                 ;
+------------+------------+------------+------------+------------+
; Name       ; moveway.00 ; moveway.10 ; moveway.01 ; moveway.11 ;
+------------+------------+------------+------------+------------+
; moveway.11 ; 0          ; 0          ; 0          ; 0          ;
; moveway.01 ; 0          ; 0          ; 1          ; 1          ;
; moveway.10 ; 0          ; 1          ; 0          ; 1          ;
; moveway.00 ; 1          ; 0          ; 0          ; 1          ;
+------------+------------+------------+------------+------------+


+---------------------------------------------------------------------------------+
; Registers Removed During Synthesis                                              ;
+----------------------------------------+----------------------------------------+
; Register name                          ; Reason for Removal                     ;
+----------------------------------------+----------------------------------------+
; comm[3]~reg0                           ; Stuck at VCC due to stuck port data_in ;
; body[0,1]                              ; Stuck at VCC due to stuck port data_in ;
; body[2..7]                             ; Stuck at GND due to stuck port data_in ;
; status[0][7]                           ; Stuck at GND due to stuck port data_in ;
; status[1][7]                           ; Stuck at GND due to stuck port data_in ;
; status[2][7]                           ; Stuck at GND due to stuck port data_in ;
; moveway~6                              ; Lost fanout                            ;
; moveway~7                              ; Lost fanout                            ;
; Total Number of Removed Registers = 14 ;                                        ;
+----------------------------------------+----------------------------------------+


+--------------------------------------------------------------------------------------+
; Removed Registers Triggering Further Register Optimizations                          ;
+---------------+---------------------------+------------------------------------------+
; Register name ; Reason for Removal        ; Registers Removed due to This Register   ;
+---------------+---------------------------+------------------------------------------+
; body[0]       ; Stuck at VCC              ; status[0][7], status[1][7], status[2][7] ;
;               ; due to stuck port data_in ;                                          ;
+---------------+---------------------------+------------------------------------------+


+------------------------------------------------------+
; General Register Statistics                          ;
+----------------------------------------------+-------+
; Statistic                                    ; Value ;
+----------------------------------------------+-------+
; Total registers                              ; 4302  ;
; Number of registers using Synchronous Clear  ; 61    ;
; Number of registers using Synchronous Load   ; 32    ;
; Number of registers using Asynchronous Clear ; 0     ;
; Number of registers using Asynchronous Load  ; 0     ;
; Number of registers using Clock Enable       ; 4189  ;
; Number of registers using Preset             ; 0     ;
+----------------------------------------------+-------+


+--------------------------------------------------+
; Inverted Register Statistics                     ;
+----------------------------------------+---------+
; Inverted Register                      ; Fan out ;
+----------------------------------------+---------+
; data_g[0]~reg0                         ; 1       ;
; data_g[1]~reg0                         ; 1       ;
; data_g[2]~reg0                         ; 1       ;
; data_g[3]~reg0                         ; 1       ;
; data_g[4]~reg0                         ; 1       ;
; data_g[5]~reg0                         ; 1       ;
; data_g[6]~reg0                         ; 1       ;
; data_g[7]~reg0                         ; 1       ;
; Total number of inverted registers = 8 ;         ;
+----------------------------------------+---------+


+------------------------------------------------------------------------------------------------------------------------------------------+
; Multiplexer Restructuring Statistics (Restructuring Performed)                                                                           ;
+--------------------+-----------+---------------+----------------------+------------------------+------------+----------------------------+
; Multiplexer Inputs ; Bus Width ; Baseline Area ; Area if Restructured ; Saving if Restructured ; Registered ; Example Multiplexer Output ;
+--------------------+-----------+---------------+----------------------+------------------------+------------+----------------------------+
; 4:1                ; 32 bits   ; 64 LEs        ; 32 LEs               ; 32 LEs                 ; Yes        ; |snake|snakex[2][5]        ;
; 5:1                ; 32 bits   ; 96 LEs        ; 0 LEs                ; 96 LEs                 ; Yes        ; |snake|snakey[2][2]        ;
; 6:1                ; 32 bits   ; 128 LEs       ; 32 LEs               ; 96 LEs                 ; Yes        ; |snake|i[8]                ;
; 4:1                ; 64 bits   ; 128 LEs       ; 0 LEs                ; 128 LEs                ; Yes        ; |snake|snakey[63][16]      ;
; 4:1                ; 64 bits   ; 128 LEs       ; 0 LEs                ; 128 LEs                ; Yes        ; |snake|snakex[62][21]      ;
; 4:1                ; 64 bits   ; 128 LEs       ; 0 LEs                ; 128 LEs                ; Yes        ; |snake|snakex[61][13]      ;
; 4:1                ; 64 bits   ; 128 LEs       ; 0 LEs                ; 128 LEs                ; Yes        ; |snake|snakex[60][28]      ;
; 4:1                ; 64 bits   ; 128 LEs       ; 0 LEs                ; 128 LEs                ; Yes        ; |snake|snakex[59][30]      ;
; 4:1                ; 64 bits   ; 128 LEs       ; 0 LEs                ; 128 LEs                ; Yes        ; |snake|snakex[58][28]      ;
; 4:1                ; 64 bits   ; 128 LEs       ; 0 LEs                ; 128 LEs                ; Yes        ; |snake|snakex[57][18]      ;
; 4:1                ; 64 bits   ; 128 LEs       ; 0 LEs                ; 128 LEs                ; Yes        ; |snake|snakey[56][26]      ;
; 4:1                ; 64 bits   ; 128 LEs       ; 0 LEs                ; 128 LEs                ; Yes        ; |snake|snakex[55][29]      ;
; 4:1                ; 64 bits   ; 128 LEs       ; 0 LEs                ; 128 LEs                ; Yes        ; |snake|snakey[54][16]      ;
; 4:1                ; 64 bits   ; 128 LEs       ; 0 LEs                ; 128 LEs                ; Yes        ; |snake|snakex[53][3]       ;
; 4:1                ; 64 bits   ; 128 LEs       ; 0 LEs                ; 128 LEs                ; Yes        ; |snake|snakex[52][13]      ;
; 4:1                ; 64 bits   ; 128 LEs       ; 0 LEs                ; 128 LEs                ; Yes        ; |snake|snakey[51][14]      ;
; 4:1                ; 64 bits   ; 128 LEs       ; 0 LEs                ; 128 LEs                ; Yes        ; |snake|snakey[50][2]       ;
; 4:1                ; 64 bits   ; 128 LEs       ; 0 LEs                ; 128 LEs                ; Yes        ; |snake|snakey[49][26]      ;
; 4:1                ; 64 bits   ; 128 LEs       ; 0 LEs                ; 128 LEs                ; Yes        ; |snake|snakey[48][7]       ;
; 4:1                ; 64 bits   ; 128 LEs       ; 0 LEs                ; 128 LEs                ; Yes        ; |snake|snakex[47][7]       ;
; 4:1                ; 64 bits   ; 128 LEs       ; 0 LEs                ; 128 LEs                ; Yes        ; |snake|snakey[46][17]      ;
; 4:1                ; 64 bits   ; 128 LEs       ; 0 LEs                ; 128 LEs                ; Yes        ; |snake|snakey[45][23]      ;
; 4:1                ; 64 bits   ; 128 LEs       ; 0 LEs                ; 128 LEs                ; Yes        ; |snake|snakex[44][18]      ;
; 4:1                ; 64 bits   ; 128 LEs       ; 0 LEs                ; 128 LEs                ; Yes        ; |snake|snakex[43][4]       ;
; 4:1                ; 64 bits   ; 128 LEs       ; 0 LEs                ; 128 LEs                ; Yes        ; |snake|snakex[42][2]       ;
; 4:1                ; 64 bits   ; 128 LEs       ; 0 LEs                ; 128 LEs                ; Yes        ; |snake|snakex[41][30]      ;
; 4:1                ; 64 bits   ; 128 LEs       ; 0 LEs                ; 128 LEs                ; Yes        ; |snake|snakex[40][23]      ;
; 4:1                ; 64 bits   ; 128 LEs       ; 0 LEs                ; 128 LEs                ; Yes        ; |snake|snakex[39][24]      ;
; 4:1                ; 64 bits   ; 128 LEs       ; 0 LEs                ; 128 LEs                ; Yes        ; |snake|snakex[38][6]       ;
; 4:1                ; 64 bits   ; 128 LEs       ; 0 LEs                ; 128 LEs                ; Yes        ; |snake|snakex[37][29]      ;
; 4:1                ; 64 bits   ; 128 LEs       ; 0 LEs                ; 128 LEs                ; Yes        ; |snake|snakex[36][18]      ;
; 4:1                ; 64 bits   ; 128 LEs       ; 0 LEs                ; 128 LEs                ; Yes        ; |snake|snakex[35][31]      ;
; 4:1                ; 64 bits   ; 128 LEs       ; 0 LEs                ; 128 LEs                ; Yes        ; |snake|snakey[34][26]      ;
; 4:1                ; 64 bits   ; 128 LEs       ; 0 LEs                ; 128 LEs                ; Yes        ; |snake|snakex[33][31]      ;
; 4:1                ; 64 bits   ; 128 LEs       ; 0 LEs                ; 128 LEs                ; Yes        ; |snake|snakex[32][30]      ;
; 4:1                ; 64 bits   ; 128 LEs       ; 0 LEs                ; 128 LEs                ; Yes        ; |snake|snakey[31][18]      ;
; 4:1                ; 64 bits   ; 128 LEs       ; 0 LEs                ; 128 LEs                ; Yes        ; |snake|snakey[30][6]       ;
; 4:1                ; 64 bits   ; 128 LEs       ; 0 LEs                ; 128 LEs                ; Yes        ; |snake|snakey[29][10]      ;
; 4:1                ; 64 bits   ; 128 LEs       ; 0 LEs                ; 128 LEs                ; Yes        ; |snake|snakex[28][25]      ;
; 4:1                ; 64 bits   ; 128 LEs       ; 0 LEs                ; 128 LEs                ; Yes        ; |snake|snakex[27][16]      ;
; 4:1                ; 64 bits   ; 128 LEs       ; 0 LEs                ; 128 LEs                ; Yes        ; |snake|snakex[26][26]      ;
; 4:1                ; 64 bits   ; 128 LEs       ; 0 LEs                ; 128 LEs                ; Yes        ; |snake|snakey[25][25]      ;
; 4:1                ; 64 bits   ; 128 LEs       ; 0 LEs                ; 128 LEs                ; Yes        ; |snake|snakey[24][25]      ;
; 4:1                ; 64 bits   ; 128 LEs       ; 0 LEs                ; 128 LEs                ; Yes        ; |snake|snakey[23][25]      ;
; 4:1                ; 64 bits   ; 128 LEs       ; 0 LEs                ; 128 LEs                ; Yes        ; |snake|snakey[22][8]       ;
; 4:1                ; 64 bits   ; 128 LEs       ; 0 LEs                ; 128 LEs                ; Yes        ; |snake|snakey[21][13]      ;
; 4:1                ; 64 bits   ; 128 LEs       ; 0 LEs                ; 128 LEs                ; Yes        ; |snake|snakey[20][14]      ;
; 4:1                ; 64 bits   ; 128 LEs       ; 0 LEs                ; 128 LEs                ; Yes        ; |snake|snakex[19][21]      ;
; 4:1                ; 64 bits   ; 128 LEs       ; 0 LEs                ; 128 LEs                ; Yes        ; |snake|snakex[18][25]      ;
; 4:1                ; 64 bits   ; 128 LEs       ; 0 LEs                ; 128 LEs                ; Yes        ; |snake|snakex[17][5]       ;
; 4:1                ; 64 bits   ; 128 LEs       ; 0 LEs                ; 128 LEs                ; Yes        ; |snake|snakex[16][5]       ;
; 4:1                ; 64 bits   ; 128 LEs       ; 0 LEs                ; 128 LEs                ; Yes        ; |snake|snakex[15][7]       ;
; 4:1                ; 64 bits   ; 128 LEs       ; 0 LEs                ; 128 LEs                ; Yes        ; |snake|snakey[14][2]       ;
; 4:1                ; 64 bits   ; 128 LEs       ; 0 LEs                ; 128 LEs                ; Yes        ; |snake|snakey[13][26]      ;
; 4:1                ; 64 bits   ; 128 LEs       ; 0 LEs                ; 128 LEs                ; Yes        ; |snake|snakex[12][14]      ;
; 4:1                ; 64 bits   ; 128 LEs       ; 0 LEs                ; 128 LEs                ; Yes        ; |snake|snakex[11][4]       ;
; 4:1                ; 64 bits   ; 128 LEs       ; 0 LEs                ; 128 LEs                ; Yes        ; |snake|snakey[10][17]      ;
; 4:1                ; 64 bits   ; 128 LEs       ; 0 LEs                ; 128 LEs                ; Yes        ; |snake|snakex[9][23]       ;
; 4:1                ; 64 bits   ; 128 LEs       ; 0 LEs                ; 128 LEs                ; Yes        ; |snake|snakex[8][11]       ;
; 4:1                ; 64 bits   ; 128 LEs       ; 0 LEs                ; 128 LEs                ; Yes        ; |snake|snakey[7][21]       ;
; 4:1                ; 64 bits   ; 128 LEs       ; 0 LEs                ; 128 LEs                ; Yes        ; |snake|snakex[6][5]        ;
; 4:1                ; 64 bits   ; 128 LEs       ; 0 LEs                ; 128 LEs                ; Yes        ; |snake|snakex[5][20]       ;
; 4:1                ; 64 bits   ; 128 LEs       ; 0 LEs                ; 128 LEs                ; Yes        ; |snake|snakey[4][25]       ;
; 4:1                ; 64 bits   ; 128 LEs       ; 0 LEs                ; 128 LEs                ; Yes        ; |snake|snakex[3][25]       ;
; 4:1                ; 32 bits   ; 64 LEs        ; 0 LEs                ; 64 LEs                 ; Yes        ; |snake|snakey[1][8]        ;
; 4:1                ; 32 bits   ; 64 LEs        ; 0 LEs                ; 64 LEs                 ; Yes        ; |snake|snakey[0][8]        ;
; 4:1                ; 32 bits   ; 64 LEs        ; 32 LEs               ; 32 LEs                 ; Yes        ; |snake|index[3]            ;
; 5:1                ; 32 bits   ; 96 LEs        ; 32 LEs               ; 64 LEs                 ; Yes        ; |snake|snakex[1][21]       ;
; 5:1                ; 32 bits   ; 96 LEs        ; 32 LEs               ; 64 LEs                 ; Yes        ; |snake|snakex[0][24]       ;
; 8:1                ; 7 bits    ; 35 LEs        ; 35 LEs               ; 0 LEs                  ; Yes        ; |snake|data_g[0]~reg0      ;
; 5:1                ; 4 bits    ; 12 LEs        ; 12 LEs               ; 0 LEs                  ; No         ; |snake|moveway             ;
; 128:1              ; 64 bits   ; 5440 LEs      ; 2752 LEs             ; 2688 LEs               ; No         ; |snake|Mux21               ;
; 128:1              ; 64 bits   ; 5440 LEs      ; 2752 LEs             ; 2688 LEs               ; No         ; |snake|Mux164              ;
+--------------------+-----------+---------------+----------------------+------------------------+------------+----------------------------+


+-------------------------------+
; Elapsed Time Per Partition    ;
+----------------+--------------+
; Partition Name ; Elapsed Time ;
+----------------+--------------+
; Top            ; 00:00:21     ;
+----------------+--------------+


+-------------------------------+
; Analysis & Synthesis Messages ;
+-------------------------------+
Info: *******************************************************************
Info: Running Quartus II 64-Bit Analysis & Synthesis
    Info: Version 13.1.0 Build 162 10/23/2013 SJ Web Edition
    Info: Processing started: Mon Jan 06 03:30:03 2020
Info: Command: quartus_map --read_settings_files=on --write_settings_files=off snake -c snake
Warning (20028): Parallel compilation is not licensed and has been disabled
Info (12021): Found 3 design units, including 3 entities, in source file snake.v
    Info (12023): Found entity 1: snake
    Info (12023): Found entity 2: divfreq
    Info (12023): Found entity 3: divfreq_mv
Warning (10236): Verilog HDL Implicit Net warning at snake.v(44): created implicit net for "clk_div"
Warning (10236): Verilog HDL Implicit Net warning at snake.v(45): created implicit net for "clk_mv"
Info (12127): Elaborating entity "snake" for the top level hierarchy
Warning (10036): Verilog HDL or VHDL warning at snake.v(8): object "j" assigned a value but never read
Warning (10036): Verilog HDL or VHDL warning at snake.v(10): object "tailx" assigned a value but never read
Warning (10036): Verilog HDL or VHDL warning at snake.v(10): object "taily" assigned a value but never read
Warning (10855): Verilog HDL warning at snake.v(18): initial value for variable snakex should be constant
Warning (10230): Verilog HDL assignment warning at snake.v(52): truncated value with size 32 to match size of target (3)
Info (12128): Elaborating entity "divfreq" for hierarchy "divfreq:F0"
Info (12128): Elaborating entity "divfreq_mv" for hierarchy "divfreq_mv:F1"
Warning (13024): Output pins are stuck at VCC or GND
    Warning (13410): Pin "data_r[0]" is stuck at VCC
    Warning (13410): Pin "data_r[1]" is stuck at VCC
    Warning (13410): Pin "data_r[2]" is stuck at VCC
    Warning (13410): Pin "data_r[3]" is stuck at VCC
    Warning (13410): Pin "data_r[4]" is stuck at VCC
    Warning (13410): Pin "data_r[5]" is stuck at VCC
    Warning (13410): Pin "data_r[6]" is stuck at VCC
    Warning (13410): Pin "data_r[7]" is stuck at VCC
    Warning (13410): Pin "data_b[0]" is stuck at VCC
    Warning (13410): Pin "data_b[1]" is stuck at VCC
    Warning (13410): Pin "data_b[2]" is stuck at VCC
    Warning (13410): Pin "data_b[3]" is stuck at VCC
    Warning (13410): Pin "data_b[4]" is stuck at VCC
    Warning (13410): Pin "data_b[5]" is stuck at VCC
    Warning (13410): Pin "data_b[6]" is stuck at VCC
    Warning (13410): Pin "data_b[7]" is stuck at VCC
    Warning (13410): Pin "comm[3]" is stuck at VCC
Info (286030): Timing-Driven Synthesis is running
Info (17049): 2 registers lost all their fanouts during netlist optimizations.
Info (16010): Generating hard_block partition "hard_block:auto_generated_inst"
    Info (16011): Adding 0 node(s), including 0 DDIO, 0 PLL, 0 transceiver and 0 LCELL
Info (21057): Implemented 10160 device resources after synthesis - the final resource count might be different
    Info (21058): Implemented 6 input pins
    Info (21059): Implemented 28 output pins
    Info (21061): Implemented 10126 logic cells
Info: Quartus II 64-Bit Analysis & Synthesis was successful. 0 errors, 26 warnings
    Info: Peak virtual memory: 5127 megabytes
    Info: Processing ended: Mon Jan 06 03:30:35 2020
    Info: Elapsed time: 00:00:32
    Info: Total CPU time (on all processors): 00:00:27


